<?xml version="1.0" encoding="UTF-8"?>
<testsuite xmlns:xsi="http://www.w3.org/2001/XMLSchema-instance" xsi:noNamespaceSchemaLocation="https://maven.apache.org/surefire/maven-surefire-plugin/xsd/surefire-test-report-3.0.xsd" version="3.0" name="com.junit5.CalculatorTest" time="0.131" tests="14" errors="0" skipped="0" failures="0">
  <properties>
[...]
</properties>
  <testcase name="compareNumbers" classname="com.junit5.CalculatorTest" time="0.041"/>
  <testcase name="compareNumbers" classname="com.junit5.CalculatorTest" time="0.004"/>
  <testcase name="compareNumbers" classname="com.junit5.CalculatorTest" time="0.001"/>
  <testcase name="compareNumbers" classname="com.junit5.CalculatorTest" time="0.001"/>
  <testcase name="compareNumbers" classname="com.junit5.CalculatorTest" time="0.001"/>
  <testcase name="compareNumbers" classname="com.junit5.CalculatorTest" time="0.002"/>
  <testcase name="compareNumbers" classname="com.junit5.CalculatorTest" time="0.002"/>
  <testcase name="compareNumbers" classname="com.junit5.CalculatorTest" time="0.001"/>
  <testcase name="compareNumbers" classname="com.junit5.CalculatorTest" time="0.001"/>
  <testcase name="compareNumbers" classname="com.junit5.CalculatorTest" time="0.001"/>
  <testcase name="add" classname="com.junit5.CalculatorTest" time="0.002"/>
  <testcase name="multiply" classname="com.junit5.CalculatorTest" time="0.001"/>
  <testcase name="dynamicTestsFromCollection" classname="com.junit5.CalculatorTest" time="0.002"/>
  <testcase name="dynamicTestsFromCollection" classname="com.junit5.CalculatorTest" time="0"/>
</testsuite>